Reading netlist file: "C:\Users\jordi\OneDrive\Documents\Projects\FPGA\SBP\SBP\impl\gwsynthesis\SBP.vg"
Parsing netlist file "C:\Users\jordi\OneDrive\Documents\Projects\FPGA\SBP\SBP\impl\gwsynthesis\SBP.vg" completed
Processing netlist completed
Reading constraint file: "C:\Users\jordi\OneDrive\Documents\Projects\FPGA\SBP\SBP\src\Physical Constrains\tang_nano9k.cst"
Physical Constraint parsed completed
Running placement......
[10%] Placement Phase 0 completed
[20%] Placement Phase 1 completed
[30%] Placement Phase 2 completed
[50%] Placement Phase 3 completed
Running routing......
[60%] Routing Phase 0 completed
[70%] Routing Phase 1 completed
[80%] Routing Phase 2 completed
[90%] Routing Phase 3 completed
Running timing analysis......
[95%] Timing analysis completed
Placement and routing completed
Bitstream generation in progress......
Bitstream generation completed
Running power analysis......
[100%] Power analysis completed
Generate file "C:\Users\jordi\OneDrive\Documents\Projects\FPGA\SBP\SBP\impl\pnr\SBP.power.html" completed
Generate file "C:\Users\jordi\OneDrive\Documents\Projects\FPGA\SBP\SBP\impl\pnr\SBP.pin.html" completed
Generate file "C:\Users\jordi\OneDrive\Documents\Projects\FPGA\SBP\SBP\impl\pnr\SBP.rpt.html" completed
Generate file "C:\Users\jordi\OneDrive\Documents\Projects\FPGA\SBP\SBP\impl\pnr\SBP.rpt.txt" completed
Generate file "C:\Users\jordi\OneDrive\Documents\Projects\FPGA\SBP\SBP\impl\pnr\SBP.tr.html" completed
Wed Aug 02 13:09:25 2023

